<?xml version='1.0' encoding='UTF-8'?>
<testsuite hostname="SMIT" name="UnitTest" tests="3" errors="0" failures="0" skipped="0" time="3.237" timestamp="2021-11-08T10:01:11">
                     <properties>
[...]
</properties>
                     <testcase classname="UnitTest" name="simpleCheck" time="0.087">
                                                 
                                               </testcase><testcase classname="UnitTest" name="testAsync" time="3.146">
                                                 
                                               </testcase><testcase classname="UnitTest" name="testCount" time="0.004">
                                                 
                                               </testcase>
                     <system-out><![CDATA[]]></system-out>
                     <system-err><![CDATA[]]></system-err>
                   </testsuite>